<?xml version="1.0" encoding="UTF-8"?>
<testsuite name="zerobase.weather.repository.JpaMemoRepositoryTest" tests="1" skipped="0" failures="0" errors="0" timestamp="2024-03-26T11:13:02" hostname="gimsubong-ui-MacBookAir.local" time="0.322">
  <properties/>
  <testcase name="findByUdTest()" classname="zerobase.weather.repository.JpaMemoRepositoryTest" time="0.322"/>
  <system-out><![CDATA[20:13:01.370 [Test worker] INFO org.springframework.test.context.support.AnnotationConfigContextLoaderUtils -- Could not detect default configuration classes for test class [zerobase.weather.repository.JpaMemoRepositoryTest]: JpaMemoRepositoryTest does not declare any static, non-private, non-final, nested classes annotated with @Configuration.
20:13:01.407 [Test worker] INFO org.springframework.boot.test.context.SpringBootTestContextBootstrapper -- Found @SpringBootConfiguration zerobase.weather.WeatherApplication for test class zerobase.weather.repository.JpaMemoRepositoryTest

  .   ____          _            __ _ _
 /\\ / ___'_ __ _ _(_)_ __  __ _ \ \ \ \
( ( )\___ | '_ | '_| | '_ \/ _` | \ \ \ \
 \\/  ___)| |_)| | | | | || (_| |  ) ) ) )
  '  |____| .__|_| |_|_| |_\__, | / / / /
 =========|_|==============|___/=/_/_/_/
 :: Spring Boot ::                (v3.2.4)

2024-03-26T20:13:01.540+09:00  INFO 70071 --- [    Test worker] z.w.repository.JpaMemoRepositoryTest     : Starting JpaMemoRepositoryTest using Java 21.0.2 with PID 70071 (started by kimsubong in /Users/kimsubong/Desktop/lecture/weather)
2024-03-26T20:13:01.541+09:00  INFO 70071 --- [    Test worker] z.w.repository.JpaMemoRepositoryTest     : No active profile set, falling back to 1 default profile: "default"
2024-03-26T20:13:01.753+09:00  INFO 70071 --- [    Test worker] .s.d.r.c.RepositoryConfigurationDelegate : Bootstrapping Spring Data JPA repositories in DEFAULT mode.
2024-03-26T20:13:01.769+09:00  INFO 70071 --- [    Test worker] .s.d.r.c.RepositoryConfigurationDelegate : Finished Spring Data repository scanning in 13 ms. Found 1 JPA repository interface.
2024-03-26T20:13:01.925+09:00  INFO 70071 --- [    Test worker] com.zaxxer.hikari.HikariDataSource       : HikariPool-1 - Starting...
2024-03-26T20:13:01.990+09:00  INFO 70071 --- [    Test worker] com.zaxxer.hikari.pool.HikariPool        : HikariPool-1 - Added connection com.mysql.cj.jdbc.ConnectionImpl@1ac730cd
2024-03-26T20:13:01.990+09:00  INFO 70071 --- [    Test worker] com.zaxxer.hikari.HikariDataSource       : HikariPool-1 - Start completed.
2024-03-26T20:13:02.012+09:00  INFO 70071 --- [    Test worker] o.hibernate.jpa.internal.util.LogHelper  : HHH000204: Processing PersistenceUnitInfo [name: default]
2024-03-26T20:13:02.039+09:00  INFO 70071 --- [    Test worker] org.hibernate.Version                    : HHH000412: Hibernate ORM core version 6.4.4.Final
2024-03-26T20:13:02.059+09:00  INFO 70071 --- [    Test worker] o.h.c.internal.RegionFactoryInitiator    : HHH000026: Second-level cache disabled
2024-03-26T20:13:02.152+09:00  INFO 70071 --- [    Test worker] o.s.o.j.p.SpringPersistenceUnitInfo      : No LoadTimeWeaver setup: ignoring JPA class transformer
2024-03-26T20:13:02.188+09:00  WARN 70071 --- [    Test worker] org.hibernate.orm.deprecation            : HHH90000025: MySQLDialect does not need to be specified explicitly using 'hibernate.dialect' (remove the property setting and it will be selected by default)
2024-03-26T20:13:02.488+09:00  INFO 70071 --- [    Test worker] o.h.e.t.j.p.i.JtaPlatformInitiator       : HHH000489: No JTA platform available (set 'hibernate.transaction.jta.platform' to enable JTA platform integration)
2024-03-26T20:13:02.489+09:00  INFO 70071 --- [    Test worker] j.LocalContainerEntityManagerFactoryBean : Initialized JPA EntityManagerFactory for persistence unit 'default'
2024-03-26T20:13:02.556+09:00  WARN 70071 --- [    Test worker] JpaBaseConfiguration$JpaWebConfiguration : spring.jpa.open-in-view is enabled by default. Therefore, database queries may be performed during view rendering. Explicitly configure spring.jpa.open-in-view to disable this warning
2024-03-26T20:13:02.775+09:00  INFO 70071 --- [    Test worker] z.w.repository.JpaMemoRepositoryTest     : Started JpaMemoRepositoryTest in 1.313 seconds (process running for 1.754)
Hibernate: select m1_0.id,m1_0.text from memo m1_0 where m1_0.id=?
Hibernate: insert into memo (text) values (?)
8
]]></system-out>
  <system-err><![CDATA[WARNING: A Java agent has been loaded dynamically (/opt/homebrew/Cellar/openjdk@17/17.0.10/libexec/openjdk.jdk/Contents/Home/bin/caches/modules-2/files-2.1/net.bytebuddy/byte-buddy-agent/1.14.12/be4984cb6fd1ef1d11f218a648889dfda44b8a15/byte-buddy-agent-1.14.12.jar)
WARNING: If a serviceability tool is in use, please run with -XX:+EnableDynamicAgentLoading to hide this warning
WARNING: If a serviceability tool is not in use, please run with -Djdk.instrument.traceUsage for more information
WARNING: Dynamic loading of agents will be disallowed by default in a future release
]]></system-err>
</testsuite>
